<?xml version="1.0" encoding="UTF-8"?>
<testng-results ignored="0" total="1" passed="1" failed="0" skipped="0">
  <reporter-output>
  </reporter-output>
  <suite started-at="2024-08-05T23:03:11 IST" name="JenkinsProject" finished-at="2024-08-05T23:03:34 IST" duration-ms="22687">
    <groups>
    </groups>
    <test started-at="2024-08-05T23:03:11 IST" name="seleniumjenkins" finished-at="2024-08-05T23:03:34 IST" duration-ms="22687">
      <class name="mavenforjenkins.UiTest">
        <test-method signature="openApplication()[pri:0, instance:mavenforjenkins.UiTest@3c7f66c4]" started-at="2024-08-05T23:03:11 IST" name="openApplication" finished-at="2024-08-05T23:03:34 IST" duration-ms="22642" status="PASS">
          <reporter-output>
          </reporter-output>
        </test-method> <!-- openApplication -->
      </class> <!-- mavenforjenkins.UiTest -->
    </test> <!-- seleniumjenkins -->
  </suite> <!-- JenkinsProject -->
</testng-results>
